PlaNUS-APP/android/app/build/intermediates/manifest_merge_blame_file/debug/manifest-merger-blame-debug-report.txt
1<?xml version="1.0" encoding="utf-8"?>
2<manifest xmlns:android="http://schemas.android.com/apk/res/android"
3    package="com.nidhi.patil.PlaNUSAPP"
4    android:versionCode="1"
5    android:versionName="1.0.0" >
6
7    <uses-sdk
8        android:minSdkVersion="23"
9        android:targetSdkVersion="34" />
10
11    <uses-permission android:name="android.permission.SYSTEM_ALERT_WINDOW" />
11-->src\main\AndroidManifest.xml:38:3-75
11-->src\main\AndroidManifest.xml:38:20-73
12    <uses-permission android:name="android.permission.INTERNET" />
12-->src\main\AndroidManifest.xml:35:3-64
12-->src\main\AndroidManifest.xml:35:20-62
13    <uses-permission android:name="android.permission.READ_EXTERNAL_STORAGE" />
13-->src\main\AndroidManifest.xml:36:3-77
13-->src\main\AndroidManifest.xml:36:20-75
14    <uses-permission android:name="android.permission.RECORD_AUDIO" />
14-->src\main\AndroidManifest.xml:37:3-68
14-->src\main\AndroidManifest.xml:37:20-66
15    <uses-permission android:name="android.permission.VIBRATE" />
15-->src\main\AndroidManifest.xml:39:3-63
15-->src\main\AndroidManifest.xml:39:20-61
16    <uses-permission android:name="android.permission.WRITE_EXTERNAL_STORAGE" />
16-->src\main\AndroidManifest.xml:40:3-78
16-->src\main\AndroidManifest.xml:40:20-76
17
18    <queries>
18-->src\main\AndroidManifest.xml:41:3-47:13
19        <intent>
19-->src\main\AndroidManifest.xml:42:5-46:14
20            <action android:name="android.intent.action.VIEW" />
20-->src\main\AndroidManifest.xml:43:7-58
20-->src\main\AndroidManifest.xml:43:15-56
21
22            <category android:name="android.intent.category.BROWSABLE" />
22-->src\main\AndroidManifest.xml:44:7-67
22-->src\main\AndroidManifest.xml:44:17-65
23
24            <data android:scheme="https" />
24-->src\main\AndroidManifest.xml:45:7-37
24-->src\main\AndroidManifest.xml:45:13-35
25        </intent>
26        <!-- Query open documents -->
27        <intent>
27-->[:expo-file-system] AndroidManifest.xml:15:9-17:18
28            <action android:name="android.intent.action.OPEN_DOCUMENT_TREE" />
28-->[:expo-file-system] AndroidManifest.xml:16:13-79
28-->[:expo-file-system] AndroidManifest.xml:16:21-76
29        </intent>
30        <intent>
30-->[:expo-image-picker] AndroidManifest.xml:17:9-21:18
31
32            <!-- Required for picking images from the camera roll if targeting API 30 -->
33            <action android:name="android.media.action.IMAGE_CAPTURE" />
33-->[:expo-image-picker] AndroidManifest.xml:20:13-73
33-->[:expo-image-picker] AndroidManifest.xml:20:21-70
34        </intent>
35        <intent>
35-->[:expo-image-picker] AndroidManifest.xml:22:9-26:18
36
37            <!-- Required for picking images from the camera if targeting API 30 -->
38            <action android:name="android.media.action.ACTION_VIDEO_CAPTURE" />
38-->[:expo-image-picker] AndroidManifest.xml:25:13-80
38-->[:expo-image-picker] AndroidManifest.xml:25:21-77
39        </intent>
40        <intent>
40-->[com.github.CanHub:Android-Image-Cropper:4.3.1] AndroidManifest.xml:10:9-16:18
41            <action android:name="android.intent.action.GET_CONTENT" />
41-->[com.github.CanHub:Android-Image-Cropper:4.3.1] AndroidManifest.xml:11:13-72
41-->[com.github.CanHub:Android-Image-Cropper:4.3.1] AndroidManifest.xml:11:21-69
42
43            <category android:name="android.intent.category.OPENABLE" />
43-->[com.github.CanHub:Android-Image-Cropper:4.3.1] AndroidManifest.xml:13:13-73
43-->[com.github.CanHub:Android-Image-Cropper:4.3.1] AndroidManifest.xml:13:23-70
44
45            <data android:mimeType="*/*" />
45-->src\main\AndroidManifest.xml:45:7-37
46        </intent>
47    </queries>
48
49    <uses-permission android:name="android.permission.WAKE_LOCK" />
49-->[:react-native-firebase_storage] AndroidManifest.xml:8:5-68
49-->[:react-native-firebase_storage] AndroidManifest.xml:8:22-65
50    <uses-permission android:name="android.permission.ACCESS_NETWORK_STATE" /> <!-- Required for picking images from camera directly -->
50-->[:react-native-firebase_storage] AndroidManifest.xml:9:5-79
50-->[:react-native-firebase_storage] AndroidManifest.xml:9:22-76
51    <uses-permission android:name="android.permission.CAMERA" />
51-->[:expo-image-picker] AndroidManifest.xml:8:5-65
51-->[:expo-image-picker] AndroidManifest.xml:8:22-62
52    <uses-permission android:name="android.permission.READ_MEDIA_IMAGES" />
52-->[:expo-image-picker] AndroidManifest.xml:13:5-76
52-->[:expo-image-picker] AndroidManifest.xml:13:22-73
53    <uses-permission android:name="android.permission.READ_MEDIA_VIDEO" />
53-->[:expo-image-picker] AndroidManifest.xml:14:5-75
53-->[:expo-image-picker] AndroidManifest.xml:14:22-72
54    <uses-permission android:name="android.permission.RECEIVE_BOOT_COMPLETED" />
54-->[:expo-notifications] AndroidManifest.xml:7:5-81
54-->[:expo-notifications] AndroidManifest.xml:7:22-78
55    <uses-permission android:name="android.permission.POST_NOTIFICATIONS" /> <!-- Required by older versions of Google Play services to create IID tokens -->
55-->[:expo-notifications] AndroidManifest.xml:8:5-77
55-->[:expo-notifications] AndroidManifest.xml:8:22-74
56    <uses-permission android:name="com.google.android.c2dm.permission.RECEIVE" />
56-->[com.google.firebase:firebase-messaging:24.0.0] AndroidManifest.xml:26:5-82
56-->[com.google.firebase:firebase-messaging:24.0.0] AndroidManifest.xml:26:22-79
57
58    <permission
58-->[androidx.core:core:1.12.0] AndroidManifest.xml:22:5-24:47
59        android:name="com.nidhi.patil.PlaNUSAPP.DYNAMIC_RECEIVER_NOT_EXPORTED_PERMISSION"
59-->[androidx.core:core:1.12.0] AndroidManifest.xml:23:9-81
60        android:protectionLevel="signature" />
60-->[androidx.core:core:1.12.0] AndroidManifest.xml:24:9-44
61
62    <uses-permission android:name="com.nidhi.patil.PlaNUSAPP.DYNAMIC_RECEIVER_NOT_EXPORTED_PERMISSION" />
62-->[androidx.core:core:1.12.0] AndroidManifest.xml:26:5-97
62-->[androidx.core:core:1.12.0] AndroidManifest.xml:26:22-94
63    <uses-permission android:name="com.google.android.finsky.permission.BIND_GET_INSTALL_REFERRER_SERVICE" /> <!-- for android -->
63-->[com.android.installreferrer:installreferrer:2.2] AndroidManifest.xml:9:5-110
63-->[com.android.installreferrer:installreferrer:2.2] AndroidManifest.xml:9:22-107
64    <!-- <uses-permission android:name="com.android.launcher.permission.READ_SETTINGS"/> -->
65    <!-- <uses-permission android:name="com.android.launcher.permission.WRITE_SETTINGS"/> -->
66    <!-- <uses-permission android:name="com.android.launcher.permission.INSTALL_SHORTCUT" /> -->
67    <!-- <uses-permission android:name="com.android.launcher.permission.UNINSTALL_SHORTCUT" /> -->
68    <!-- for Samsung -->
69    <uses-permission android:name="com.sec.android.provider.badge.permission.READ" />
69-->[me.leolin:ShortcutBadger:1.1.22] AndroidManifest.xml:19:5-86
69-->[me.leolin:ShortcutBadger:1.1.22] AndroidManifest.xml:19:22-83
70    <uses-permission android:name="com.sec.android.provider.badge.permission.WRITE" /> <!-- for htc -->
70-->[me.leolin:ShortcutBadger:1.1.22] AndroidManifest.xml:20:5-87
70-->[me.leolin:ShortcutBadger:1.1.22] AndroidManifest.xml:20:22-84
71    <uses-permission android:name="com.htc.launcher.permission.READ_SETTINGS" />
71-->[me.leolin:ShortcutBadger:1.1.22] AndroidManifest.xml:23:5-81
71-->[me.leolin:ShortcutBadger:1.1.22] AndroidManifest.xml:23:22-78
72    <uses-permission android:name="com.htc.launcher.permission.UPDATE_SHORTCUT" /> <!-- for sony -->
72-->[me.leolin:ShortcutBadger:1.1.22] AndroidManifest.xml:24:5-83
72-->[me.leolin:ShortcutBadger:1.1.22] AndroidManifest.xml:24:22-80
73    <uses-permission android:name="com.sonyericsson.home.permission.BROADCAST_BADGE" />
73-->[me.leolin:ShortcutBadger:1.1.22] AndroidManifest.xml:27:5-88
73-->[me.leolin:ShortcutBadger:1.1.22] AndroidManifest.xml:27:22-85
74    <uses-permission android:name="com.sonymobile.home.permission.PROVIDER_INSERT_BADGE" /> <!-- for apex -->
74-->[me.leolin:ShortcutBadger:1.1.22] AndroidManifest.xml:28:5-92
74-->[me.leolin:ShortcutBadger:1.1.22] AndroidManifest.xml:28:22-89
75    <uses-permission android:name="com.anddoes.launcher.permission.UPDATE_COUNT" /> <!-- for solid -->
75-->[me.leolin:ShortcutBadger:1.1.22] AndroidManifest.xml:31:5-84
75-->[me.leolin:ShortcutBadger:1.1.22] AndroidManifest.xml:31:22-81
76    <uses-permission android:name="com.majeur.launcher.permission.UPDATE_BADGE" /> <!-- for huawei -->
76-->[me.leolin:ShortcutBadger:1.1.22] AndroidManifest.xml:34:5-83
76-->[me.leolin:ShortcutBadger:1.1.22] AndroidManifest.xml:34:22-80
77    <uses-permission android:name="com.huawei.android.launcher.permission.CHANGE_BADGE" />
77-->[me.leolin:ShortcutBadger:1.1.22] AndroidManifest.xml:37:5-91
77-->[me.leolin:ShortcutBadger:1.1.22] AndroidManifest.xml:37:22-88
78    <uses-permission android:name="com.huawei.android.launcher.permission.READ_SETTINGS" />
78-->[me.leolin:ShortcutBadger:1.1.22] AndroidManifest.xml:38:5-92
78-->[me.leolin:ShortcutBadger:1.1.22] AndroidManifest.xml:38:22-89
79    <uses-permission android:name="com.huawei.android.launcher.permission.WRITE_SETTINGS" /> <!-- for ZUK -->
79-->[me.leolin:ShortcutBadger:1.1.22] AndroidManifest.xml:39:5-93
79-->[me.leolin:ShortcutBadger:1.1.22] AndroidManifest.xml:39:22-90
80    <uses-permission android:name="android.permission.READ_APP_BADGE" /> <!-- for OPPO -->
80-->[me.leolin:ShortcutBadger:1.1.22] AndroidManifest.xml:42:5-73
80-->[me.leolin:ShortcutBadger:1.1.22] AndroidManifest.xml:42:22-70
81    <uses-permission android:name="com.oppo.launcher.permission.READ_SETTINGS" />
81-->[me.leolin:ShortcutBadger:1.1.22] AndroidManifest.xml:45:5-82
81-->[me.leolin:ShortcutBadger:1.1.22] AndroidManifest.xml:45:22-79
82    <uses-permission android:name="com.oppo.launcher.permission.WRITE_SETTINGS" /> <!-- for EvMe -->
82-->[me.leolin:ShortcutBadger:1.1.22] AndroidManifest.xml:46:5-83
82-->[me.leolin:ShortcutBadger:1.1.22] AndroidManifest.xml:46:22-80
83    <uses-permission android:name="me.everything.badger.permission.BADGE_COUNT_READ" />
83-->[me.leolin:ShortcutBadger:1.1.22] AndroidManifest.xml:49:5-88
83-->[me.leolin:ShortcutBadger:1.1.22] AndroidManifest.xml:49:22-85
84    <uses-permission android:name="me.everything.badger.permission.BADGE_COUNT_WRITE" />
84-->[me.leolin:ShortcutBadger:1.1.22] AndroidManifest.xml:50:5-89
84-->[me.leolin:ShortcutBadger:1.1.22] AndroidManifest.xml:50:22-86
85
86    <application
86-->src\main\AndroidManifest.xml:48:3-65:17
87        android:name="com.planusapp.MainApplication"
87-->src\main\AndroidManifest.xml:48:16-47
88        android:allowBackup="true"
88-->src\main\AndroidManifest.xml:48:162-188
89        android:appComponentFactory="androidx.core.app.CoreComponentFactory"
89-->[androidx.core:core:1.12.0] AndroidManifest.xml:28:18-86
90        android:debuggable="true"
91        android:extractNativeLibs="false"
92        android:icon="@mipmap/ic_launcher"
92-->src\main\AndroidManifest.xml:48:81-115
93        android:label="@string/app_name"
93-->src\main\AndroidManifest.xml:48:48-80
94        android:roundIcon="@mipmap/ic_launcher_round"
94-->src\main\AndroidManifest.xml:48:116-161
95        android:theme="@style/AppTheme"
95-->src\main\AndroidManifest.xml:48:189-220
96        android:usesCleartextTraffic="true" >
96-->src\debug\AndroidManifest.xml:6:18-53
97        <meta-data
97-->src\main\AndroidManifest.xml:49:5-83
98            android:name="expo.modules.updates.ENABLED"
98-->src\main\AndroidManifest.xml:49:16-59
99            android:value="false" />
99-->src\main\AndroidManifest.xml:49:60-81
100        <meta-data
100-->src\main\AndroidManifest.xml:50:5-105
101            android:name="expo.modules.updates.EXPO_UPDATES_CHECK_ON_LAUNCH"
101-->src\main\AndroidManifest.xml:50:16-80
102            android:value="ALWAYS" />
102-->src\main\AndroidManifest.xml:50:81-103
103        <meta-data
103-->src\main\AndroidManifest.xml:51:5-99
104            android:name="expo.modules.updates.EXPO_UPDATES_LAUNCH_WAIT_MS"
104-->src\main\AndroidManifest.xml:51:16-79
105            android:value="0" />
105-->src\main\AndroidManifest.xml:51:80-97
106
107        <activity
107-->src\main\AndroidManifest.xml:52:5-63:16
108            android:name="com.planusapp.MainActivity"
108-->src\main\AndroidManifest.xml:52:15-43
109            android:configChanges="keyboard|keyboardHidden|orientation|screenSize|screenLayout|uiMode"
109-->src\main\AndroidManifest.xml:52:44-134
110            android:exported="true"
110-->src\main\AndroidManifest.xml:52:256-279
111            android:launchMode="singleTask"
111-->src\main\AndroidManifest.xml:52:135-166
112            android:screenOrientation="unspecified"
112-->src\main\AndroidManifest.xml:52:280-319
113            android:theme="@style/Theme.App.SplashScreen"
113-->src\main\AndroidManifest.xml:52:210-255
114            android:windowSoftInputMode="adjustResize" >
114-->src\main\AndroidManifest.xml:52:167-209
115            <intent-filter>
115-->src\main\AndroidManifest.xml:53:7-56:23
116                <action android:name="android.intent.action.MAIN" />
116-->src\main\AndroidManifest.xml:54:9-60
116-->src\main\AndroidManifest.xml:54:17-58
117
118                <category android:name="android.intent.category.LAUNCHER" />
118-->src\main\AndroidManifest.xml:55:9-68
118-->src\main\AndroidManifest.xml:55:19-66
119            </intent-filter>
120            <intent-filter>
120-->src\main\AndroidManifest.xml:57:7-62:23
121                <action android:name="android.intent.action.VIEW" />
121-->src\main\AndroidManifest.xml:43:7-58
121-->src\main\AndroidManifest.xml:43:15-56
122
123                <category android:name="android.intent.category.DEFAULT" />
123-->src\main\AndroidManifest.xml:59:9-67
123-->src\main\AndroidManifest.xml:59:19-65
124                <category android:name="android.intent.category.BROWSABLE" />
124-->src\main\AndroidManifest.xml:44:7-67
124-->src\main\AndroidManifest.xml:44:17-65
125
126                <data android:scheme="com.nidhi.patil.PlaNUSAPP" />
126-->src\main\AndroidManifest.xml:45:7-37
126-->src\main\AndroidManifest.xml:45:13-35
127            </intent-filter>
128        </activity>
129        <activity
129-->src\main\AndroidManifest.xml:64:5-106
130            android:name="com.facebook.react.devsupport.DevSettingsActivity"
130-->src\main\AndroidManifest.xml:64:15-79
131            android:exported="false" />
131-->src\main\AndroidManifest.xml:64:80-104
132
133        <meta-data
133-->[:react-native-firebase_app] AndroidManifest.xml:9:9-11:36
134            android:name="app_data_collection_default_enabled"
134-->[:react-native-firebase_app] AndroidManifest.xml:10:13-63
135            android:value="true" />
135-->[:react-native-firebase_app] AndroidManifest.xml:11:13-33
136
137        <service
137-->[:react-native-firebase_app] AndroidManifest.xml:13:9-21:19
138            android:name="com.google.firebase.components.ComponentDiscoveryService"
138-->[:react-native-firebase_app] AndroidManifest.xml:14:13-84
139            android:directBootAware="true"
139-->[:react-native-firebase_app] AndroidManifest.xml:15:13-43
140            android:exported="false" >
140-->[:react-native-firebase_app] AndroidManifest.xml:16:13-37
141            <meta-data
141-->[:react-native-firebase_app] AndroidManifest.xml:18:13-20:85
142                android:name="com.google.firebase.components:io.invertase.firebase.app.ReactNativeFirebaseAppRegistrar"
142-->[:react-native-firebase_app] AndroidManifest.xml:19:17-120
143                android:value="com.google.firebase.components.ComponentRegistrar" />
143-->[:react-native-firebase_app] AndroidManifest.xml:20:17-82
144            <meta-data
144-->[com.google.firebase:firebase-firestore:25.0.0] AndroidManifest.xml:17:13-19:85
145                android:name="com.google.firebase.components:com.google.firebase.firestore.FirebaseFirestoreKtxRegistrar"
145-->[com.google.firebase:firebase-firestore:25.0.0] AndroidManifest.xml:18:17-122
146                android:value="com.google.firebase.components.ComponentRegistrar" />
146-->[com.google.firebase:firebase-firestore:25.0.0] AndroidManifest.xml:19:17-82
147            <meta-data
147-->[com.google.firebase:firebase-firestore:25.0.0] AndroidManifest.xml:20:13-22:85
148                android:name="com.google.firebase.components:com.google.firebase.firestore.FirestoreRegistrar"
148-->[com.google.firebase:firebase-firestore:25.0.0] AndroidManifest.xml:21:17-111
149                android:value="com.google.firebase.components.ComponentRegistrar" />
149-->[com.google.firebase:firebase-firestore:25.0.0] AndroidManifest.xml:22:17-82
150            <meta-data
150-->[com.google.firebase:firebase-storage:21.0.0] AndroidManifest.xml:30:13-32:85
151                android:name="com.google.firebase.components:com.google.firebase.storage.FirebaseStorageKtxRegistrar"
151-->[com.google.firebase:firebase-storage:21.0.0] AndroidManifest.xml:31:17-118
152                android:value="com.google.firebase.components.ComponentRegistrar" />
152-->[com.google.firebase:firebase-storage:21.0.0] AndroidManifest.xml:32:17-82
153            <meta-data
153-->[com.google.firebase:firebase-storage:21.0.0] AndroidManifest.xml:33:13-35:85
154                android:name="com.google.firebase.components:com.google.firebase.storage.StorageRegistrar"
154-->[com.google.firebase:firebase-storage:21.0.0] AndroidManifest.xml:34:17-107
155                android:value="com.google.firebase.components.ComponentRegistrar" />
155-->[com.google.firebase:firebase-storage:21.0.0] AndroidManifest.xml:35:17-82
156            <meta-data
156-->[com.google.firebase:firebase-messaging:24.0.0] AndroidManifest.xml:57:13-59:85
157                android:name="com.google.firebase.components:com.google.firebase.messaging.FirebaseMessagingKtxRegistrar"
157-->[com.google.firebase:firebase-messaging:24.0.0] AndroidManifest.xml:58:17-122
158                android:value="com.google.firebase.components.ComponentRegistrar" />
158-->[com.google.firebase:firebase-messaging:24.0.0] AndroidManifest.xml:59:17-82
159            <meta-data
159-->[com.google.firebase:firebase-messaging:24.0.0] AndroidManifest.xml:60:13-62:85
160                android:name="com.google.firebase.components:com.google.firebase.messaging.FirebaseMessagingRegistrar"
160-->[com.google.firebase:firebase-messaging:24.0.0] AndroidManifest.xml:61:17-119
161                android:value="com.google.firebase.components.ComponentRegistrar" />
161-->[com.google.firebase:firebase-messaging:24.0.0] AndroidManifest.xml:62:17-82
162            <meta-data
162-->[com.google.firebase:firebase-appcheck:18.0.0] AndroidManifest.xml:25:13-27:85
163                android:name="com.google.firebase.components:com.google.firebase.appcheck.FirebaseAppCheckKtxRegistrar"
163-->[com.google.firebase:firebase-appcheck:18.0.0] AndroidManifest.xml:26:17-120
164                android:value="com.google.firebase.components.ComponentRegistrar" />
164-->[com.google.firebase:firebase-appcheck:18.0.0] AndroidManifest.xml:27:17-82
165            <meta-data
165-->[com.google.firebase:firebase-appcheck:18.0.0] AndroidManifest.xml:28:13-30:85
166                android:name="com.google.firebase.components:com.google.firebase.appcheck.FirebaseAppCheckRegistrar"
166-->[com.google.firebase:firebase-appcheck:18.0.0] AndroidManifest.xml:29:17-117
167                android:value="com.google.firebase.components.ComponentRegistrar" />
167-->[com.google.firebase:firebase-appcheck:18.0.0] AndroidManifest.xml:30:17-82
168            <meta-data
168-->[com.google.firebase:firebase-installations:18.0.0] AndroidManifest.xml:15:13-17:85
169                android:name="com.google.firebase.components:com.google.firebase.installations.FirebaseInstallationsKtxRegistrar"
169-->[com.google.firebase:firebase-installations:18.0.0] AndroidManifest.xml:16:17-130
170                android:value="com.google.firebase.components.ComponentRegistrar" />
170-->[com.google.firebase:firebase-installations:18.0.0] AndroidManifest.xml:17:17-82
171            <meta-data
171-->[com.google.firebase:firebase-installations:18.0.0] AndroidManifest.xml:18:13-20:85
172                android:name="com.google.firebase.components:com.google.firebase.installations.FirebaseInstallationsRegistrar"
172-->[com.google.firebase:firebase-installations:18.0.0] AndroidManifest.xml:19:17-127
173                android:value="com.google.firebase.components.ComponentRegistrar" />
173-->[com.google.firebase:firebase-installations:18.0.0] AndroidManifest.xml:20:17-82
174            <meta-data
174-->[com.google.firebase:firebase-common-ktx:21.0.0] AndroidManifest.xml:12:13-14:85
175                android:name="com.google.firebase.components:com.google.firebase.ktx.FirebaseCommonLegacyRegistrar"
175-->[com.google.firebase:firebase-common-ktx:21.0.0] AndroidManifest.xml:13:17-116
176                android:value="com.google.firebase.components.ComponentRegistrar" />
176-->[com.google.firebase:firebase-common-ktx:21.0.0] AndroidManifest.xml:14:17-82
177            <meta-data
177-->[com.google.firebase:firebase-common:21.0.0] AndroidManifest.xml:35:13-37:85
178                android:name="com.google.firebase.components:com.google.firebase.FirebaseCommonKtxRegistrar"
178-->[com.google.firebase:firebase-common:21.0.0] AndroidManifest.xml:36:17-109
179                android:value="com.google.firebase.components.ComponentRegistrar" />
179-->[com.google.firebase:firebase-common:21.0.0] AndroidManifest.xml:37:17-82
180            <meta-data
180-->[com.google.firebase:firebase-datatransport:18.2.0] AndroidManifest.xml:25:13-27:85
181                android:name="com.google.firebase.components:com.google.firebase.datatransport.TransportRegistrar"
181-->[com.google.firebase:firebase-datatransport:18.2.0] AndroidManifest.xml:26:17-115
182                android:value="com.google.firebase.components.ComponentRegistrar" />
182-->[com.google.firebase:firebase-datatransport:18.2.0] AndroidManifest.xml:27:17-82
183        </service>
184
185        <provider
185-->[:react-native-firebase_app] AndroidManifest.xml:23:9-27:38
186            android:name="io.invertase.firebase.app.ReactNativeFirebaseAppInitProvider"
186-->[:react-native-firebase_app] AndroidManifest.xml:24:13-88
187            android:authorities="com.nidhi.patil.PlaNUSAPP.reactnativefirebaseappinitprovider"
187-->[:react-native-firebase_app] AndroidManifest.xml:25:13-86
188            android:exported="false"
188-->[:react-native-firebase_app] AndroidManifest.xml:26:13-37
189            android:initOrder="99" />
189-->[:react-native-firebase_app] AndroidManifest.xml:27:13-35
190        <provider
190-->[:expo-file-system] AndroidManifest.xml:21:9-30:20
191            android:name="expo.modules.filesystem.FileSystemFileProvider"
191-->[:expo-file-system] AndroidManifest.xml:22:13-74
192            android:authorities="com.nidhi.patil.PlaNUSAPP.FileSystemFileProvider"
192-->[:expo-file-system] AndroidManifest.xml:23:13-74
193            android:exported="false"
193-->[:expo-file-system] AndroidManifest.xml:24:13-37
194            android:grantUriPermissions="true" >
194-->[:expo-file-system] AndroidManifest.xml:25:13-47
195            <meta-data
195-->[:expo-file-system] AndroidManifest.xml:27:13-29:70
196                android:name="android.support.FILE_PROVIDER_PATHS"
196-->[:expo-file-system] AndroidManifest.xml:28:17-67
197                android:resource="@xml/file_system_provider_paths" />
197-->[:expo-file-system] AndroidManifest.xml:29:17-67
198        </provider>
199
200        <service
200-->[:expo-image-picker] AndroidManifest.xml:30:9-42:19
201            android:name="com.google.android.gms.metadata.ModuleDependencies"
201-->[:expo-image-picker] AndroidManifest.xml:31:13-78
202            android:enabled="false"
202-->[:expo-image-picker] AndroidManifest.xml:32:13-36
203            android:exported="false" >
203-->[:expo-image-picker] AndroidManifest.xml:33:13-37
204            <intent-filter>
204-->[:expo-image-picker] AndroidManifest.xml:35:13-37:29
205                <action android:name="com.google.android.gms.metadata.MODULE_DEPENDENCIES" />
205-->[:expo-image-picker] AndroidManifest.xml:36:17-94
205-->[:expo-image-picker] AndroidManifest.xml:36:25-91
206            </intent-filter>
207
208            <meta-data
208-->[:expo-image-picker] AndroidManifest.xml:39:13-41:36
209                android:name="photopicker_activity:0:required"
209-->[:expo-image-picker] AndroidManifest.xml:40:17-63
210                android:value="" />
210-->[:expo-image-picker] AndroidManifest.xml:41:17-33
211        </service>
212
213        <activity
213-->[:expo-image-picker] AndroidManifest.xml:44:9-46:59
214            android:name="com.canhub.cropper.CropImageActivity"
214-->[:expo-image-picker] AndroidManifest.xml:45:13-64
215            android:exported="true"
215-->[com.github.CanHub:Android-Image-Cropper:4.3.1] AndroidManifest.xml:35:13-36
216            android:theme="@style/Base.Theme.AppCompat" /> <!-- https://developer.android.com/guide/topics/manifest/provider-element.html -->
216-->[:expo-image-picker] AndroidManifest.xml:46:13-56
217        <provider
217-->[:expo-image-picker] AndroidManifest.xml:48:9-56:20
218            android:name="expo.modules.imagepicker.fileprovider.ImagePickerFileProvider"
218-->[:expo-image-picker] AndroidManifest.xml:49:13-89
219            android:authorities="com.nidhi.patil.PlaNUSAPP.ImagePickerFileProvider"
219-->[:expo-image-picker] AndroidManifest.xml:50:13-75
220            android:exported="false"
220-->[:expo-image-picker] AndroidManifest.xml:51:13-37
221            android:grantUriPermissions="true" >
221-->[:expo-image-picker] AndroidManifest.xml:52:13-47
222            <meta-data
222-->[:expo-file-system] AndroidManifest.xml:27:13-29:70
223                android:name="android.support.FILE_PROVIDER_PATHS"
223-->[:expo-file-system] AndroidManifest.xml:28:17-67
224                android:resource="@xml/image_picker_provider_paths" />
224-->[:expo-file-system] AndroidManifest.xml:29:17-67
225        </provider>
226
227        <service
227-->[:expo-notifications] AndroidManifest.xml:11:9-17:19
228            android:name="expo.modules.notifications.service.ExpoFirebaseMessagingService"
228-->[:expo-notifications] AndroidManifest.xml:12:13-91
229            android:exported="false" >
229-->[:expo-notifications] AndroidManifest.xml:13:13-37
230            <intent-filter android:priority="-1" >
230-->[:expo-notifications] AndroidManifest.xml:14:13-16:29
230-->[:expo-notifications] AndroidManifest.xml:14:28-49
231                <action android:name="com.google.firebase.MESSAGING_EVENT" />
231-->[:expo-notifications] AndroidManifest.xml:15:17-78
231-->[:expo-notifications] AndroidManifest.xml:15:25-75
232            </intent-filter>
233        </service>
234
235        <receiver
235-->[:expo-notifications] AndroidManifest.xml:19:9-31:20
236            android:name="expo.modules.notifications.service.NotificationsService"
236-->[:expo-notifications] AndroidManifest.xml:20:13-83
237            android:enabled="true"
237-->[:expo-notifications] AndroidManifest.xml:21:13-35
238            android:exported="false" >
238-->[:expo-notifications] AndroidManifest.xml:22:13-37
239            <intent-filter android:priority="-1" >
239-->[:expo-notifications] AndroidManifest.xml:23:13-30:29
239-->[:expo-notifications] AndroidManifest.xml:23:28-49
240                <action android:name="expo.modules.notifications.NOTIFICATION_EVENT" />
240-->[:expo-notifications] AndroidManifest.xml:24:17-88
240-->[:expo-notifications] AndroidManifest.xml:24:25-85
241                <action android:name="android.intent.action.BOOT_COMPLETED" />
241-->[:expo-notifications] AndroidManifest.xml:25:17-79
241-->[:expo-notifications] AndroidManifest.xml:25:25-76
242                <action android:name="android.intent.action.REBOOT" />
242-->[:expo-notifications] AndroidManifest.xml:26:17-71
242-->[:expo-notifications] AndroidManifest.xml:26:25-68
243                <action android:name="android.intent.action.QUICKBOOT_POWERON" />
243-->[:expo-notifications] AndroidManifest.xml:27:17-82
243-->[:expo-notifications] AndroidManifest.xml:27:25-79
244                <action android:name="com.htc.intent.action.QUICKBOOT_POWERON" />
244-->[:expo-notifications] AndroidManifest.xml:28:17-82
244-->[:expo-notifications] AndroidManifest.xml:28:25-79
245                <action android:name="android.intent.action.MY_PACKAGE_REPLACED" />
245-->[:expo-notifications] AndroidManifest.xml:29:17-84
245-->[:expo-notifications] AndroidManifest.xml:29:25-81
246            </intent-filter>
247        </receiver>
248
249        <activity
249-->[:expo-notifications] AndroidManifest.xml:33:9-40:75
250            android:name="expo.modules.notifications.service.NotificationForwarderActivity"
250-->[:expo-notifications] AndroidManifest.xml:34:13-92
251            android:excludeFromRecents="true"
251-->[:expo-notifications] AndroidManifest.xml:35:13-46
252            android:exported="false"
252-->[:expo-notifications] AndroidManifest.xml:36:13-37
253            android:launchMode="standard"
253-->[:expo-notifications] AndroidManifest.xml:37:13-42
254            android:noHistory="true"
254-->[:expo-notifications] AndroidManifest.xml:38:13-37
255            android:taskAffinity=""
255-->[:expo-notifications] AndroidManifest.xml:39:13-36
256            android:theme="@android:style/Theme.Translucent.NoTitleBar" />
256-->[:expo-notifications] AndroidManifest.xml:40:13-72
257
258        <meta-data
258-->[:expo-modules-core] AndroidManifest.xml:9:9-11:89
259            android:name="org.unimodules.core.AppLoader#react-native-headless"
259-->[:expo-modules-core] AndroidManifest.xml:10:13-79
260            android:value="expo.modules.adapters.react.apploader.RNHeadlessAppLoader" />
260-->[:expo-modules-core] AndroidManifest.xml:11:13-86
261        <meta-data